{"C:\\Users\\jpuja\\Documents\\Revature\\home-app\\src\\daos\\db.ts": {"path":"C:\\Users\\jpuja\\Documents\\Revature\\home-app\\src\\daos\\db.ts","statementMap":{"0":{"start":{"line":14,"column":0},"end":{"line":14,"column":26}},"1":{"start":{"line":16,"column":13},"end":{"line":22,"column":3}},"2":{"start":{"line":24,"column":0},"end":{"line":26,"column":3}},"3":{"start":{"line":25,"column":4},"end":{"line":25,"column":57}}},"fnMap":{"0":{"name":"(anonymous_0)","decl":{"start":{"line":24,"column":17},"end":{"line":24,"column":18}},"loc":{"start":{"line":24,"column":28},"end":{"line":26,"column":1}}}},"branchMap":{},"s":{"0":2,"1":2,"2":2,"3":0},"f":{"0":0},"b":{}}
,"C:\\Users\\jpuja\\Documents\\Revature\\home-app\\src\\daos\\people-dao.ts": {"path":"C:\\Users\\jpuja\\Documents\\Revature\\home-app\\src\\daos\\people-dao.ts","statementMap":{"0":{"start":{"line":1,"column":0},"end":{"line":1,"column":32}},"1":{"start":{"line":2,"column":0},"end":{"line":2,"column":53}},"2":{"start":{"line":12,"column":16},"end":{"line":12,"column":38}},"3":{"start":{"line":17,"column":4},"end":{"line":26,"column":7}},"4":{"start":{"line":19,"column":34},"end":{"line":19,"column":45}},"5":{"start":{"line":21,"column":8},"end":{"line":21,"column":26}},"6":{"start":{"line":24,"column":33},"end":{"line":24,"column":66}},"7":{"start":{"line":24,"column":49},"end":{"line":24,"column":65}},"8":{"start":{"line":25,"column":8},"end":{"line":25,"column":22}},"9":{"start":{"line":11,"column":0},"end":{"line":11,"column":16}},"10":{"start":{"line":35,"column":16},"end":{"line":35,"column":52}},"11":{"start":{"line":37,"column":4},"end":{"line":38,"column":69}},"12":{"start":{"line":38,"column":24},"end":{"line":38,"column":67}},"13":{"start":{"line":38,"column":47},"end":{"line":38,"column":63}},"14":{"start":{"line":29,"column":0},"end":{"line":29,"column":16}},"15":{"start":{"line":47,"column":32},"end":{"line":47,"column":60}},"16":{"start":{"line":48,"column":4},"end":{"line":50,"column":null}},"17":{"start":{"line":49,"column":8},"end":{"line":49,"column":25}},"18":{"start":{"line":52,"column":16},"end":{"line":54,"column":22}},"19":{"start":{"line":58,"column":19},"end":{"line":58,"column":55}},"20":{"start":{"line":59,"column":4},"end":{"line":59,"column":23}},"21":{"start":{"line":46,"column":0},"end":{"line":46,"column":22}},"22":{"start":{"line":67,"column":16},"end":{"line":67,"column":69}},"23":{"start":{"line":68,"column":19},"end":{"line":68,"column":58}},"24":{"start":{"line":69,"column":4},"end":{"line":69,"column":33}},"25":{"start":{"line":66,"column":0},"end":{"line":66,"column":22}},"26":{"start":{"line":73,"column":16},"end":{"line":74,"column":33}},"27":{"start":{"line":76,"column":4},"end":{"line":80,"column":67}},"28":{"start":{"line":80,"column":22},"end":{"line":80,"column":65}},"29":{"start":{"line":80,"column":45},"end":{"line":80,"column":61}},"30":{"start":{"line":72,"column":0},"end":{"line":72,"column":16}},"31":{"start":{"line":87,"column":16},"end":{"line":89,"column":27}},"32":{"start":{"line":94,"column":22},"end":{"line":94,"column":72}},"33":{"start":{"line":96,"column":19},"end":{"line":97,"column":41}},"34":{"start":{"line":99,"column":4},"end":{"line":100,"column":69}},"35":{"start":{"line":100,"column":24},"end":{"line":100,"column":67}},"36":{"start":{"line":100,"column":47},"end":{"line":100,"column":63}},"37":{"start":{"line":83,"column":0},"end":{"line":83,"column":16}}},"fnMap":{"0":{"name":"getAllPeople","decl":{"start":{"line":11,"column":16},"end":{"line":11,"column":28}},"loc":{"start":{"line":11,"column":28},"end":{"line":27,"column":1}}},"1":{"name":"(anonymous_8)","decl":{"start":{"line":17,"column":45},"end":{"line":17,"column":51}},"loc":{"start":{"line":17,"column":54},"end":{"line":26,"column":5}}},"2":{"name":"(anonymous_9)","decl":{"start":{"line":24,"column":42},"end":{"line":24,"column":45}},"loc":{"start":{"line":24,"column":49},"end":{"line":24,"column":65}}},"3":{"name":"getPersonById","decl":{"start":{"line":29,"column":16},"end":{"line":29,"column":29}},"loc":{"start":{"line":29,"column":40},"end":{"line":39,"column":1}}},"4":{"name":"(anonymous_11)","decl":{"start":{"line":38,"column":14},"end":{"line":38,"column":20}},"loc":{"start":{"line":38,"column":24},"end":{"line":38,"column":67}}},"5":{"name":"(anonymous_12)","decl":{"start":{"line":38,"column":40},"end":{"line":38,"column":43}},"loc":{"start":{"line":38,"column":47},"end":{"line":38,"column":63}}},"6":{"name":"getPetsByPersonId","decl":{"start":{"line":46,"column":22},"end":{"line":46,"column":39}},"loc":{"start":{"line":46,"column":56},"end":{"line":61,"column":null}}},"7":{"name":"personExists","decl":{"start":{"line":66,"column":22},"end":{"line":66,"column":34}},"loc":{"start":{"line":66,"column":51},"end":{"line":70,"column":null}}},"8":{"name":"savePerson","decl":{"start":{"line":72,"column":16},"end":{"line":72,"column":26}},"loc":{"start":{"line":72,"column":41},"end":{"line":81,"column":1}}},"9":{"name":"(anonymous_18)","decl":{"start":{"line":80,"column":12},"end":{"line":80,"column":18}},"loc":{"start":{"line":80,"column":22},"end":{"line":80,"column":65}}},"10":{"name":"(anonymous_19)","decl":{"start":{"line":80,"column":38},"end":{"line":80,"column":41}},"loc":{"start":{"line":80,"column":45},"end":{"line":80,"column":61}}},"11":{"name":"patchPerson","decl":{"start":{"line":83,"column":16},"end":{"line":83,"column":27}},"loc":{"start":{"line":83,"column":42},"end":{"line":101,"column":1}}},"12":{"name":"(anonymous_21)","decl":{"start":{"line":100,"column":14},"end":{"line":100,"column":20}},"loc":{"start":{"line":100,"column":24},"end":{"line":100,"column":67}}},"13":{"name":"(anonymous_22)","decl":{"start":{"line":100,"column":40},"end":{"line":100,"column":43}},"loc":{"start":{"line":100,"column":47},"end":{"line":100,"column":63}}}},"branchMap":{"0":{"loc":{"start":{"line":48,"column":4},"end":{"line":50,"column":null}},"type":"if","locations":[{"start":{"line":48,"column":4},"end":{"line":50,"column":null}},{"start":{"line":48,"column":4},"end":{"line":50,"column":null}}]},"1":{"loc":{"start":{"line":94,"column":22},"end":{"line":94,"column":38}},"type":"binary-expr","locations":[{"start":{"line":94,"column":22},"end":{"line":94,"column":38}},{"start":{"line":94,"column":42},"end":{"line":94,"column":72}}]}},"s":{"0":2,"1":2,"2":0,"3":0,"4":0,"5":0,"6":0,"7":0,"8":0,"9":2,"10":0,"11":0,"12":0,"13":0,"14":2,"15":0,"16":0,"17":0,"18":0,"19":0,"20":0,"21":2,"22":0,"23":0,"24":0,"25":2,"26":0,"27":0,"28":0,"29":0,"30":2,"31":0,"32":0,"33":0,"34":0,"35":0,"36":0,"37":2},"f":{"0":0,"1":0,"2":0,"3":0,"4":0,"5":0,"6":0,"7":0,"8":0,"9":0,"10":0,"11":0,"12":0,"13":0},"b":{"0":[0,0],"1":[0,0]}}
,"C:\\Users\\jpuja\\Documents\\Revature\\home-app\\src\\models\\Person.ts": {"path":"C:\\Users\\jpuja\\Documents\\Revature\\home-app\\src\\models\\Person.ts","statementMap":{"0":{"start":{"line":19,"column":8},"end":{"line":19,"column":21}},"1":{"start":{"line":20,"column":8},"end":{"line":20,"column":35}},"2":{"start":{"line":21,"column":8},"end":{"line":21,"column":33}},"3":{"start":{"line":22,"column":8},"end":{"line":22,"column":35}},"4":{"start":{"line":12,"column":23},"end":{"line":13,"column":null}},"5":{"start":{"line":15,"column":8},"end":{"line":15,"column":22}},"6":{"start":{"line":1,"column":0},"end":{"line":1,"column":13}}},"fnMap":{"0":{"name":"(anonymous_0)","decl":{"start":{"line":18,"column":4},"end":{"line":18,"column":16}},"loc":{"start":{"line":18,"column":80},"end":{"line":23,"column":5}}},"1":{"name":"(anonymous_1)","decl":{"start":{"line":11,"column":4},"end":{"line":11,"column":10}},"loc":{"start":{"line":11,"column":30},"end":{"line":16,"column":5}}}},"branchMap":{},"s":{"0":8,"1":8,"2":8,"3":8,"4":0,"5":0,"6":3},"f":{"0":8,"1":0},"b":{}}
,"C:\\Users\\jpuja\\Documents\\Revature\\home-app\\src\\routers\\people-router.ts": {"path":"C:\\Users\\jpuja\\Documents\\Revature\\home-app\\src\\routers\\people-router.ts","statementMap":{"0":{"start":{"line":1,"column":0},"end":{"line":1,"column":30}},"1":{"start":{"line":2,"column":0},"end":{"line":2,"column":60}},"2":{"start":{"line":5,"column":13},"end":{"line":5,"column":45}},"3":{"start":{"line":11,"column":0},"end":{"line":19,"column":3}},"4":{"start":{"line":12,"column":4},"end":{"line":18,"column":7}},"5":{"start":{"line":13,"column":8},"end":{"line":13,"column":57}},"6":{"start":{"line":14,"column":8},"end":{"line":14,"column":30}},"7":{"start":{"line":15,"column":8},"end":{"line":15,"column":15}},"8":{"start":{"line":17,"column":8},"end":{"line":17,"column":33}},"9":{"start":{"line":26,"column":0},"end":{"line":39,"column":3}},"10":{"start":{"line":27,"column":15},"end":{"line":27,"column":33}},"11":{"start":{"line":28,"column":4},"end":{"line":38,"column":null}},"12":{"start":{"line":29,"column":8},"end":{"line":33,"column":null}},"13":{"start":{"line":30,"column":12},"end":{"line":30,"column":37}},"14":{"start":{"line":32,"column":12},"end":{"line":32,"column":34}},"15":{"start":{"line":34,"column":8},"end":{"line":34,"column":15}},"16":{"start":{"line":36,"column":8},"end":{"line":36,"column":33}},"17":{"start":{"line":37,"column":8},"end":{"line":37,"column":15}},"18":{"start":{"line":45,"column":0},"end":{"line":65,"column":3}},"19":{"start":{"line":45,"column":64},"end":{"line":65,"column":2}},"20":{"start":{"line":46,"column":23},"end":{"line":46,"column":50}},"21":{"start":{"line":50,"column":4},"end":{"line":56,"column":null}},"22":{"start":{"line":51,"column":8},"end":{"line":51,"column":57}},"23":{"start":{"line":53,"column":8},"end":{"line":53,"column":33}},"24":{"start":{"line":54,"column":8},"end":{"line":54,"column":25}},"25":{"start":{"line":55,"column":8},"end":{"line":55,"column":15}},"26":{"start":{"line":59,"column":4},"end":{"line":63,"column":null}},"27":{"start":{"line":60,"column":8},"end":{"line":60,"column":33}},"28":{"start":{"line":62,"column":8},"end":{"line":62,"column":28}},"29":{"start":{"line":64,"column":4},"end":{"line":64,"column":11}},"30":{"start":{"line":72,"column":0},"end":{"line":83,"column":3}},"31":{"start":{"line":73,"column":19},"end":{"line":73,"column":31}},"32":{"start":{"line":74,"column":4},"end":{"line":82,"column":11}},"33":{"start":{"line":76,"column":12},"end":{"line":76,"column":33}},"34":{"start":{"line":77,"column":12},"end":{"line":77,"column":37}},"35":{"start":{"line":78,"column":12},"end":{"line":78,"column":19}},"36":{"start":{"line":80,"column":12},"end":{"line":80,"column":37}},"37":{"start":{"line":81,"column":12},"end":{"line":81,"column":19}},"38":{"start":{"line":86,"column":0},"end":{"line":100,"column":3}},"39":{"start":{"line":87,"column":19},"end":{"line":87,"column":31}},"40":{"start":{"line":88,"column":4},"end":{"line":99,"column":null}},"41":{"start":{"line":90,"column":12},"end":{"line":94,"column":null}},"42":{"start":{"line":91,"column":16},"end":{"line":91,"column":45}},"43":{"start":{"line":93,"column":16},"end":{"line":93,"column":41}},"44":{"start":{"line":96,"column":12},"end":{"line":96,"column":37}},"45":{"start":{"line":98,"column":12},"end":{"line":98,"column":19}}},"fnMap":{"0":{"name":"(anonymous_9)","decl":{"start":{"line":11,"column":21},"end":{"line":11,"column":22}},"loc":{"start":{"line":11,"column":49},"end":{"line":19,"column":1}}},"1":{"name":"(anonymous_10)","decl":{"start":{"line":12,"column":38},"end":{"line":12,"column":44}},"loc":{"start":{"line":12,"column":47},"end":{"line":16,"column":5}}},"2":{"name":"(anonymous_11)","decl":{"start":{"line":16,"column":13},"end":{"line":16,"column":16}},"loc":{"start":{"line":16,"column":19},"end":{"line":18,"column":5}}},"3":{"name":"(anonymous_12)","decl":{"start":{"line":26,"column":25},"end":{"line":26,"column":26}},"loc":{"start":{"line":26,"column":53},"end":{"line":39,"column":1}}},"4":{"name":"(anonymous_13)","decl":{"start":{"line":28,"column":41},"end":{"line":28,"column":47}},"loc":{"start":{"line":28,"column":50},"end":{"line":35,"column":5}}},"5":{"name":"(anonymous_14)","decl":{"start":{"line":35,"column":13},"end":{"line":35,"column":16}},"loc":{"start":{"line":35,"column":19},"end":{"line":38,"column":5}}},"6":{"name":"(anonymous_15)","decl":{"start":{"line":45,"column":30},"end":{"line":45,"column":37}},"loc":{"start":{"line":45,"column":64},"end":{"line":65,"column":2}}},"7":{"name":"(anonymous_16)","decl":{"start":{"line":45,"column":64},"end":{"line":45,"column":null}},"loc":{"start":{"line":45,"column":64},"end":{"line":65,"column":1}}},"8":{"name":"(anonymous_17)","decl":{"start":{"line":72,"column":22},"end":{"line":72,"column":23}},"loc":{"start":{"line":72,"column":50},"end":{"line":83,"column":1}}},"9":{"name":"(anonymous_18)","decl":{"start":{"line":75,"column":14},"end":{"line":75,"column":23}},"loc":{"start":{"line":75,"column":26},"end":{"line":79,"column":9}}},"10":{"name":"(anonymous_19)","decl":{"start":{"line":79,"column":17},"end":{"line":79,"column":20}},"loc":{"start":{"line":79,"column":23},"end":{"line":82,"column":9}}},"11":{"name":"(anonymous_20)","decl":{"start":{"line":86,"column":23},"end":{"line":86,"column":24}},"loc":{"start":{"line":86,"column":51},"end":{"line":100,"column":1}}},"12":{"name":"(anonymous_21)","decl":{"start":{"line":89,"column":14},"end":{"line":89,"column":27}},"loc":{"start":{"line":89,"column":30},"end":{"line":95,"column":9}}},"13":{"name":"(anonymous_22)","decl":{"start":{"line":95,"column":17},"end":{"line":95,"column":20}},"loc":{"start":{"line":95,"column":23},"end":{"line":97,"column":9}}},"14":{"name":"(anonymous_23)","decl":{"start":{"line":97,"column":19},"end":{"line":97,"column":22}},"loc":{"start":{"line":97,"column":24},"end":{"line":99,"column":9}}}},"branchMap":{"0":{"loc":{"start":{"line":29,"column":8},"end":{"line":33,"column":null}},"type":"if","locations":[{"start":{"line":29,"column":8},"end":{"line":33,"column":null}},{"start":{"line":29,"column":8},"end":{"line":33,"column":null}}]},"1":{"loc":{"start":{"line":59,"column":4},"end":{"line":63,"column":null}},"type":"if","locations":[{"start":{"line":59,"column":4},"end":{"line":63,"column":null}},{"start":{"line":59,"column":4},"end":{"line":63,"column":null}}]},"2":{"loc":{"start":{"line":90,"column":12},"end":{"line":94,"column":null}},"type":"if","locations":[{"start":{"line":90,"column":12},"end":{"line":94,"column":null}},{"start":{"line":90,"column":12},"end":{"line":94,"column":null}}]}},"s":{"0":1,"1":1,"2":1,"3":1,"4":2,"5":1,"6":1,"7":1,"8":1,"9":1,"10":3,"11":3,"12":2,"13":1,"14":1,"15":2,"16":1,"17":1,"18":1,"19":0,"20":0,"21":0,"22":0,"23":0,"24":0,"25":0,"26":0,"27":0,"28":0,"29":0,"30":1,"31":2,"32":2,"33":1,"34":1,"35":1,"36":1,"37":1,"38":1,"39":0,"40":0,"41":0,"42":0,"43":0,"44":0,"45":0},"f":{"0":2,"1":1,"2":1,"3":3,"4":2,"5":1,"6":0,"7":0,"8":2,"9":1,"10":1,"11":0,"12":0,"13":0,"14":0},"b":{"0":[1,1],"1":[0,0],"2":[0,0]}}
,"C:\\Users\\jpuja\\Documents\\Revature\\home-app\\src\\services\\people-service.ts": {"path":"C:\\Users\\jpuja\\Documents\\Revature\\home-app\\src\\services\\people-service.ts","statementMap":{"0":{"start":{"line":1,"column":0},"end":{"line":1,"column":42}},"1":{"start":{"line":2,"column":0},"end":{"line":2,"column":48}},"2":{"start":{"line":7,"column":4},"end":{"line":7,"column":36}},"3":{"start":{"line":5,"column":0},"end":{"line":5,"column":16}},"4":{"start":{"line":12,"column":4},"end":{"line":12,"column":39}},"5":{"start":{"line":10,"column":0},"end":{"line":10,"column":16}},"6":{"start":{"line":16,"column":4},"end":{"line":16,"column":43}},"7":{"start":{"line":15,"column":0},"end":{"line":15,"column":16}},"8":{"start":{"line":22,"column":22},"end":{"line":24,"column":null}},"9":{"start":{"line":30,"column":4},"end":{"line":36,"column":null}},"10":{"start":{"line":32,"column":8},"end":{"line":32,"column":47}},"11":{"start":{"line":35,"column":8},"end":{"line":35,"column":61}},"12":{"start":{"line":35,"column":48},"end":{"line":35,"column":59}},"13":{"start":{"line":19,"column":0},"end":{"line":19,"column":16}},"14":{"start":{"line":44,"column":22},"end":{"line":44,"column":66}},"15":{"start":{"line":46,"column":19},"end":{"line":48,"column":null}},"16":{"start":{"line":51,"column":4},"end":{"line":53,"column":null}},"17":{"start":{"line":52,"column":8},"end":{"line":52,"column":31}},"18":{"start":{"line":55,"column":4},"end":{"line":55,"column":41}},"19":{"start":{"line":40,"column":0},"end":{"line":40,"column":16}}},"fnMap":{"0":{"name":"getAllPeople","decl":{"start":{"line":5,"column":16},"end":{"line":5,"column":28}},"loc":{"start":{"line":5,"column":28},"end":{"line":8,"column":1}}},"1":{"name":"getPersonById","decl":{"start":{"line":10,"column":16},"end":{"line":10,"column":29}},"loc":{"start":{"line":10,"column":40},"end":{"line":13,"column":1}}},"2":{"name":"getPetsByPersonId","decl":{"start":{"line":15,"column":16},"end":{"line":15,"column":33}},"loc":{"start":{"line":15,"column":44},"end":{"line":17,"column":1}}},"3":{"name":"savePerson","decl":{"start":{"line":19,"column":16},"end":{"line":19,"column":26}},"loc":{"start":{"line":19,"column":38},"end":{"line":37,"column":1}}},"4":{"name":"(anonymous_5)","decl":{"start":{"line":35,"column":27},"end":{"line":35,"column":28}},"loc":{"start":{"line":35,"column":48},"end":{"line":35,"column":59}}},"5":{"name":"patchPerson","decl":{"start":{"line":40,"column":16},"end":{"line":40,"column":27}},"loc":{"start":{"line":40,"column":38},"end":{"line":56,"column":1}}}},"branchMap":{"0":{"loc":{"start":{"line":30,"column":4},"end":{"line":36,"column":null}},"type":"if","locations":[{"start":{"line":30,"column":4},"end":{"line":36,"column":null}},{"start":{"line":30,"column":4},"end":{"line":36,"column":null}}]},"1":{"loc":{"start":{"line":30,"column":7},"end":{"line":30,"column":23}},"type":"binary-expr","locations":[{"start":{"line":30,"column":7},"end":{"line":30,"column":23}},{"start":{"line":30,"column":27},"end":{"line":30,"column":42}},{"start":{"line":30,"column":46},"end":{"line":30,"column":62}}]},"2":{"loc":{"start":{"line":44,"column":22},"end":{"line":44,"column":37}},"type":"binary-expr","locations":[{"start":{"line":44,"column":22},"end":{"line":44,"column":37}},{"start":{"line":44,"column":41},"end":{"line":44,"column":66}}]},"3":{"loc":{"start":{"line":51,"column":4},"end":{"line":53,"column":null}},"type":"if","locations":[{"start":{"line":51,"column":4},"end":{"line":53,"column":null}},{"start":{"line":51,"column":4},"end":{"line":53,"column":null}}]}},"s":{"0":2,"1":2,"2":0,"3":2,"4":0,"5":2,"6":0,"7":2,"8":6,"9":6,"10":3,"11":3,"12":3,"13":2,"14":2,"15":2,"16":2,"17":1,"18":1,"19":2},"f":{"0":0,"1":0,"2":0,"3":6,"4":3,"5":2},"b":{"0":[3,3],"1":[6,5,4],"2":[2,2],"3":[1,1]}}
}
