TN:
SF:src\daos\db.ts
FN:24,(anonymous_0)
FNF:1
FNH:0
FNDA:0,(anonymous_0)
DA:14,2
DA:16,2
DA:24,2
DA:25,0
LF:4
LH:3
BRF:0
BRH:0
end_of_record
TN:
SF:src\daos\people-dao.ts
FN:11,getAllPeople
FN:17,(anonymous_8)
FN:24,(anonymous_9)
FN:29,getPersonById
FN:38,(anonymous_11)
FN:38,(anonymous_12)
FN:46,getPetsByPersonId
FN:66,personExists
FN:72,savePerson
FN:80,(anonymous_18)
FN:80,(anonymous_19)
FN:83,patchPerson
FN:100,(anonymous_21)
FN:100,(anonymous_22)
FNF:14
FNH:0
FNDA:0,getAllPeople
FNDA:0,(anonymous_8)
FNDA:0,(anonymous_9)
FNDA:0,getPersonById
FNDA:0,(anonymous_11)
FNDA:0,(anonymous_12)
FNDA:0,getPetsByPersonId
FNDA:0,personExists
FNDA:0,savePerson
FNDA:0,(anonymous_18)
FNDA:0,(anonymous_19)
FNDA:0,patchPerson
FNDA:0,(anonymous_21)
FNDA:0,(anonymous_22)
DA:1,2
DA:2,2
DA:11,2
DA:12,0
DA:17,0
DA:19,0
DA:21,0
DA:24,0
DA:25,0
DA:29,2
DA:35,0
DA:37,0
DA:38,0
DA:46,2
DA:47,0
DA:48,0
DA:49,0
DA:52,0
DA:58,0
DA:59,0
DA:66,2
DA:67,0
DA:68,0
DA:69,0
DA:72,2
DA:73,0
DA:76,0
DA:80,0
DA:83,2
DA:87,0
DA:94,0
DA:96,0
DA:99,0
DA:100,0
LF:34
LH:8
BRDA:48,0,0,0
BRDA:48,0,1,0
BRDA:94,1,0,0
BRDA:94,1,1,0
BRF:4
BRH:0
end_of_record
TN:
SF:src\models\Person.ts
FN:18,(anonymous_0)
FN:11,(anonymous_1)
FNF:2
FNH:1
FNDA:8,(anonymous_0)
FNDA:0,(anonymous_1)
DA:1,3
DA:12,0
DA:15,0
DA:19,8
DA:20,8
DA:21,8
DA:22,8
LF:7
LH:5
BRF:0
BRH:0
end_of_record
TN:
SF:src\routers\people-router.ts
FN:11,(anonymous_9)
FN:12,(anonymous_10)
FN:16,(anonymous_11)
FN:26,(anonymous_12)
FN:28,(anonymous_13)
FN:35,(anonymous_14)
FN:45,(anonymous_15)
FN:45,(anonymous_16)
FN:72,(anonymous_17)
FN:75,(anonymous_18)
FN:79,(anonymous_19)
FN:86,(anonymous_20)
FN:89,(anonymous_21)
FN:95,(anonymous_22)
FN:97,(anonymous_23)
FNF:15
FNH:9
FNDA:2,(anonymous_9)
FNDA:1,(anonymous_10)
FNDA:1,(anonymous_11)
FNDA:3,(anonymous_12)
FNDA:2,(anonymous_13)
FNDA:1,(anonymous_14)
FNDA:0,(anonymous_15)
FNDA:0,(anonymous_16)
FNDA:2,(anonymous_17)
FNDA:1,(anonymous_18)
FNDA:1,(anonymous_19)
FNDA:0,(anonymous_20)
FNDA:0,(anonymous_21)
FNDA:0,(anonymous_22)
FNDA:0,(anonymous_23)
DA:1,1
DA:2,1
DA:5,1
DA:11,1
DA:12,2
DA:13,1
DA:14,1
DA:15,1
DA:17,1
DA:26,1
DA:27,3
DA:28,3
DA:29,2
DA:30,1
DA:32,1
DA:34,2
DA:36,1
DA:37,1
DA:45,1
DA:46,0
DA:50,0
DA:51,0
DA:53,0
DA:54,0
DA:55,0
DA:59,0
DA:60,0
DA:62,0
DA:64,0
DA:72,1
DA:73,2
DA:74,2
DA:76,1
DA:77,1
DA:78,1
DA:80,1
DA:81,1
DA:86,1
DA:87,0
DA:88,0
DA:90,0
DA:91,0
DA:93,0
DA:96,0
DA:98,0
LF:45
LH:28
BRDA:29,0,0,1
BRDA:29,0,1,1
BRDA:59,1,0,0
BRDA:59,1,1,0
BRDA:90,2,0,0
BRDA:90,2,1,0
BRF:6
BRH:2
end_of_record
TN:
SF:src\services\people-service.ts
FN:5,getAllPeople
FN:10,getPersonById
FN:15,getPetsByPersonId
FN:19,savePerson
FN:35,(anonymous_5)
FN:40,patchPerson
FNF:6
FNH:3
FNDA:0,getAllPeople
FNDA:0,getPersonById
FNDA:0,getPetsByPersonId
FNDA:6,savePerson
FNDA:3,(anonymous_5)
FNDA:2,patchPerson
DA:1,2
DA:2,2
DA:5,2
DA:7,0
DA:10,2
DA:12,0
DA:15,2
DA:16,0
DA:19,2
DA:22,6
DA:30,6
DA:32,3
DA:35,3
DA:40,2
DA:44,2
DA:46,2
DA:51,2
DA:52,1
DA:55,1
LF:19
LH:16
BRDA:30,0,0,3
BRDA:30,0,1,3
BRDA:30,1,0,6
BRDA:30,1,1,5
BRDA:30,1,2,4
BRDA:44,2,0,2
BRDA:44,2,1,2
BRDA:51,3,0,1
BRDA:51,3,1,1
BRF:9
BRH:9
end_of_record
